# JRE version: Java(TM) SE Runtime Environment (8.0_211-b12) (build 1.8.0_211-b12)
# Java VM: Java HotSpot(TM) 64-Bit Server VM (25.211-b12 mixed mode bsd-amd64 compressed oops)
Heap:
 PSYoungGen      total 357376K, used 167095K [0x000000076ab00000, 0x000000078df00000, 0x00000007c0000000)
  eden space 330752K, 42% used [0x000000076ab00000,0x0000000773431020,0x000000077ee00000)
  from space 26624K, 99% used [0x000000078c500000,0x000000078defcf00,0x000000078df00000)
  to   space 34816K, 0% used [0x0000000789b00000,0x0000000789b00000,0x000000078bd00000)
 ParOldGen       total 167424K, used 46995K [0x00000006c0000000, 0x00000006ca380000, 0x000000076ab00000)
  object space 167424K, 28% used [0x00000006c0000000,0x00000006c2de4c90,0x00000006ca380000)
 Metaspace       used 31782K, capacity 32660K, committed 32896K, reserved 1079296K
  class space    used 3656K, capacity 3919K, committed 3968K, reserved 1048576K
GC Heap History (10 events):
Event: 1.897 GC heap before
{Heap before GC invocations=3 (full 0):
 PSYoungGen      total 141824K, used 141526K [0x000000076ab00000, 0x0000000774000000, 0x00000007c0000000)
  eden space 131072K, 100% used [0x000000076ab00000,0x0000000772b00000,0x0000000772b00000)
  from space 10752K, 97% used [0x0000000773580000,0x0000000773fb5a78,0x0000000774000000)
  to   space 10752K, 0% used [0x0000000772b00000,0x0000000772b00000,0x0000000773580000)
 ParOldGen       total 175104K, used 32K [0x00000006c0000000, 0x00000006cab00000, 0x000000076ab00000)
  object space 175104K, 0% used [0x00000006c0000000,0x00000006c0008000,0x00000006cab00000)
 Metaspace       used 15472K, capacity 15744K, committed 16000K, reserved 1062912K
  class space    used 1835K, capacity 1918K, committed 1920K, reserved 1048576K
Event: 1.918 GC heap after
Heap after GC invocations=3 (full 0):
 PSYoungGen      total 141824K, used 10736K [0x000000076ab00000, 0x000000077c000000, 0x00000007c0000000)
  eden space 131072K, 0% used [0x000000076ab00000,0x000000076ab00000,0x0000000772b00000)
  from space 10752K, 99% used [0x0000000772b00000,0x000000077357c030,0x0000000773580000)
  to   space 10752K, 0% used [0x000000077b580000,0x000000077b580000,0x000000077c000000)
 ParOldGen       total 175104K, used 10658K [0x00000006c0000000, 0x00000006cab00000, 0x000000076ab00000)
  object space 175104K, 6% used [0x00000006c0000000,0x00000006c0a68820,0x00000006cab00000)
 Metaspace       used 15472K, capacity 15744K, committed 16000K, reserved 1062912K
  class space    used 1835K, capacity 1918K, committed 1920K, reserved 1048576K
}
Event: 2.696 GC heap before
{Heap before GC invocations=4 (full 0):
 PSYoungGen      total 141824K, used 141808K [0x000000076ab00000, 0x000000077c000000, 0x00000007c0000000)
  eden space 131072K, 100% used [0x000000076ab00000,0x0000000772b00000,0x0000000772b00000)
  from space 10752K, 99% used [0x0000000772b00000,0x000000077357c030,0x0000000773580000)
  to   space 10752K, 0% used [0x000000077b580000,0x000000077b580000,0x000000077c000000)
 ParOldGen       total 175104K, used 10658K [0x00000006c0000000, 0x00000006cab00000, 0x000000076ab00000)
  object space 175104K, 6% used [0x00000006c0000000,0x00000006c0a68820,0x00000006cab00000)
 Metaspace       used 15921K, capacity 16172K, committed 16384K, reserved 1062912K
  class space    used 1849K, capacity 1952K, committed 2048K, reserved 1048576K
Event: 2.722 GC heap after
Heap after GC invocations=4 (full 0):
 PSYoungGen      total 272896K, used 10736K [0x000000076ab00000, 0x000000077c000000, 0x00000007c0000000)
  eden space 262144K, 0% used [0x000000076ab00000,0x000000076ab00000,0x000000077ab00000)
  from space 10752K, 99% used [0x000000077b580000,0x000000077bffc010,0x000000077c000000)
  to   space 10752K, 0% used [0x000000077ab00000,0x000000077ab00000,0x000000077b580000)
 ParOldGen       total 175104K, used 19731K [0x00000006c0000000, 0x00000006cab00000, 0x000000076ab00000)
  object space 175104K, 11% used [0x00000006c0000000,0x00000006c1344ea8,0x00000006cab00000)
 Metaspace       used 15921K, capacity 16172K, committed 16384K, reserved 1062912K
  class space    used 1849K, capacity 1952K, committed 2048K, reserved 1048576K
}
Event: 3.675 GC heap before
{Heap before GC invocations=5 (full 0):
 PSYoungGen      total 272896K, used 161071K [0x000000076ab00000, 0x000000077c000000, 0x00000007c0000000)
  eden space 262144K, 57% used [0x000000076ab00000,0x0000000773dcfd38,0x000000077ab00000)
  from space 10752K, 99% used [0x000000077b580000,0x000000077bffc010,0x000000077c000000)
  to   space 10752K, 0% used [0x000000077ab00000,0x000000077ab00000,0x000000077b580000)
 ParOldGen       total 175104K, used 19731K [0x00000006c0000000, 0x00000006cab00000, 0x000000076ab00000)
  object space 175104K, 11% used [0x00000006c0000000,0x00000006c1344ea8,0x00000006cab00000)
 Metaspace       used 20770K, capacity 21160K, committed 21296K, reserved 1069056K
  class space    used 2484K, capacity 2616K, committed 2688K, reserved 1048576K
Event: 3.709 GC heap after
Heap after GC invocations=5 (full 0):
 PSYoungGen      total 272896K, used 10728K [0x000000076ab00000, 0x000000078df00000, 0x00000007c0000000)
  eden space 262144K, 0% used [0x000000076ab00000,0x000000076ab00000,0x000000077ab00000)
  from space 10752K, 99% used [0x000000077ab00000,0x000000077b57a178,0x000000077b580000)
  to   space 26624K, 0% used [0x000000078c500000,0x000000078c500000,0x000000078df00000)
 ParOldGen       total 175104K, used 30638K [0x00000006c0000000, 0x00000006cab00000, 0x000000076ab00000)
  object space 175104K, 17% used [0x00000006c0000000,0x00000006c1debb90,0x00000006cab00000)
 Metaspace       used 20770K, capacity 21160K, committed 21296K, reserved 1069056K
  class space    used 2484K, capacity 2616K, committed 2688K, reserved 1048576K
}
Event: 3.709 GC heap before
{Heap before GC invocations=6 (full 1):
 PSYoungGen      total 272896K, used 10728K [0x000000076ab00000, 0x000000078df00000, 0x00000007c0000000)
  eden space 262144K, 0% used [0x000000076ab00000,0x000000076ab00000,0x000000077ab00000)
  from space 10752K, 99% used [0x000000077ab00000,0x000000077b57a178,0x000000077b580000)
  to   space 26624K, 0% used [0x000000078c500000,0x000000078c500000,0x000000078df00000)
 ParOldGen       total 175104K, used 30638K [0x00000006c0000000, 0x00000006cab00000, 0x000000076ab00000)
  object space 175104K, 17% used [0x00000006c0000000,0x00000006c1debb90,0x00000006cab00000)
 Metaspace       used 20770K, capacity 21160K, committed 21296K, reserved 1069056K
  class space    used 2484K, capacity 2616K, committed 2688K, reserved 1048576K
Event: 3.941 GC heap after
Heap after GC invocations=6 (full 1):
 PSYoungGen      total 272896K, used 0K [0x000000076ab00000, 0x000000078df00000, 0x00000007c0000000)
  eden space 262144K, 0% used [0x000000076ab00000,0x000000076ab00000,0x000000077ab00000)
  from space 10752K, 0% used [0x000000077ab00000,0x000000077ab00000,0x000000077b580000)
  to   space 26624K, 0% used [0x000000078c500000,0x000000078c500000,0x000000078df00000)
 ParOldGen       total 167424K, used 40135K [0x00000006c0000000, 0x00000006ca380000, 0x000000076ab00000)
  object space 167424K, 23% used [0x00000006c0000000,0x00000006c2731c40,0x00000006ca380000)
 Metaspace       used 20770K, capacity 21160K, committed 21296K, reserved 1069056K
  class space    used 2484K, capacity 2616K, committed 2688K, reserved 1048576K
}
Event: 10.054 GC heap before
{Heap before GC invocations=7 (full 1):
 PSYoungGen      total 272896K, used 262144K [0x000000076ab00000, 0x000000078df00000, 0x00000007c0000000)
  eden space 262144K, 100% used [0x000000076ab00000,0x000000077ab00000,0x000000077ab00000)
  from space 10752K, 0% used [0x000000077ab00000,0x000000077ab00000,0x000000077b580000)
  to   space 26624K, 0% used [0x000000078c500000,0x000000078c500000,0x000000078df00000)
 ParOldGen       total 167424K, used 40135K [0x00000006c0000000, 0x00000006ca380000, 0x000000076ab00000)
  object space 167424K, 23% used [0x00000006c0000000,0x00000006c2731c40,0x00000006ca380000)
 Metaspace       used 30966K, capacity 31800K, committed 32128K, reserved 1077248K
  class space    used 3600K, capacity 3851K, committed 3968K, reserved 1048576K
Event: 10.091 GC heap after
Heap after GC invocations=7 (full 1):
 PSYoungGen      total 357376K, used 26611K [0x000000076ab00000, 0x000000078df00000, 0x00000007c0000000)
  eden space 330752K, 0% used [0x000000076ab00000,0x000000076ab00000,0x000000077ee00000)
  from space 26624K, 99% used [0x000000078c500000,0x000000078defcf00,0x000000078df00000)
  to   space 34816K, 0% used [0x0000000789b00000,0x0000000789b00000,0x000000078bd00000)
 ParOldGen       total 167424K, used 46995K [0x00000006c0000000, 0x00000006ca380000, 0x000000076ab00000)
  object space 167424K, 28% used [0x00000006c0000000,0x00000006c2de4c90,0x00000006ca380000)
 Metaspace       used 30966K, capacity 31800K, committed 32128K, reserved 1077248K
  class space    used 3600K, capacity 3851K, committed 3968K, reserved 1048576K
}

